
Call:
lm(formula = P ~ T2 + f2 + f * T + T + f)

Coefficients:
(Intercept)           T2           f2            f            T          f:T  
    53.9967      -0.0089       6.9449     -17.5449       0.5398       0.2484  


Call:
lm(formula = P ~ T2 + f2 + f * T + T + f)

Residuals:
    Min      1Q  Median      3Q     Max 
-0.9848 -0.3039 -0.1105  0.5646  0.7698 

Coefficients:
             Estimate Std. Error t value Pr(>|t|)    
(Intercept)  53.99671   10.57601   5.106 0.000202 ***
T2           -0.00890    0.07204  -0.124 0.903564    
f2            6.94485   17.18063   0.404 0.692618    
f           -17.54488   25.11419  -0.699 0.497107    
T             0.53982    1.64614   0.328 0.748187    
f:T           0.24841    2.21129   0.112 0.912272    
---
Signif. codes:  0 ‘***’ 0.001 ‘**’ 0.01 ‘*’ 0.05 ‘.’ 0.1 ‘ ’ 1 

Residual standard error: 0.6462 on 13 degrees of freedom
Multiple R-squared: 0.996,	Adjusted R-squared: 0.9945 
F-statistic: 647.1 on 5 and 13 DF,  p-value: 4.188e-15 

