\BOOKMARK [1][-]{section.1}{Introduction}{}% 1
\BOOKMARK [1][-]{section.2}{Related Work}{}% 2
\BOOKMARK [1][-]{section.3}{System Models and Problem Definition}{}% 3
\BOOKMARK [2][-]{subsection.3.1}{Multiprocessor Model}{section.3}% 4
\BOOKMARK [2][-]{subsection.3.2}{Task Model}{section.3}% 5
\BOOKMARK [2][-]{subsection.3.3}{Power Model}{section.3}% 6
\BOOKMARK [2][-]{subsection.3.4}{Temperature Model}{section.3}% 7
\BOOKMARK [3][-]{subsubsection.3.4.1}{Heat-Independent Thermal Model \(HIT Model\)}{subsection.3.4}% 8
\BOOKMARK [2][-]{subsection.3.5}{Problem Definition}{section.3}% 9
\BOOKMARK [3][-]{subsubsection.3.5.1}{Problem Statement}{subsection.3.5}% 10
\BOOKMARK [1][-]{section.4}{Optimal Subset Processor Selection}{}% 11
\BOOKMARK [2][-]{subsection.4.1}{Min-Core Worst-Fit Based Selection}{section.4}% 12
\BOOKMARK [2][-]{subsection.4.2}{Branch-and-Bound Based Selection}{section.4}% 13
\BOOKMARK [3][-]{subsubsection.4.2.1}{Initial State}{subsection.4.2}% 14
\BOOKMARK [3][-]{subsubsection.4.2.2}{Payoff}{subsection.4.2}% 15
\BOOKMARK [3][-]{subsubsection.4.2.3}{Lower bound}{subsection.4.2}% 16
\BOOKMARK [1][-]{section.5}{Task Balancing Algorithm}{}% 17
\BOOKMARK [2][-]{subsection.5.1}{Genetic Based Algorithm}{section.5}% 18
\BOOKMARK [3][-]{subsubsection.5.1.1}{Initial Population}{subsection.5.1}% 19
\BOOKMARK [3][-]{subsubsection.5.1.2}{Fitness Value}{subsection.5.1}% 20
\BOOKMARK [3][-]{subsubsection.5.1.3}{Crossover and Mutation}{subsection.5.1}% 21
\BOOKMARK [3][-]{subsubsection.5.1.4}{Elitism and Regeneration}{subsection.5.1}% 22
\BOOKMARK [3][-]{subsubsection.5.1.5}{Termination}{subsection.5.1}% 23
\BOOKMARK [1][-]{section.6}{Hybrid Processor Selection Genetic Scheduling Algorithm}{}% 24
\BOOKMARK [1][-]{section*.1}{References}{}% 25
