
Call:
lm(formula = P ~ T2 + f2 + f * T + T + f)

Coefficients:
(Intercept)           T2           f2            f            T          f:T  
   54.03885     -0.01509      5.68758    -21.23838      0.61821      0.46419  


Call:
lm(formula = P ~ T2 + f2 + f * T + T + f)

Residuals:
     Min       1Q   Median       3Q      Max 
-0.80344 -0.25829 -0.09289  0.30671  1.13472 

Coefficients:
             Estimate Std. Error t value Pr(>|t|)    
(Intercept)  54.03885    5.23327  10.326 9.65e-09 ***
T2           -0.01509    0.02152  -0.701   0.4926    
f2            5.68758    4.88940   1.163   0.2608    
f           -21.23838    9.05142  -2.346   0.0313 *  
T             0.61821    0.56104   1.102   0.2859    
f:T           0.46419    0.65431   0.709   0.4877    
---
Signif. codes:  0 ‘***’ 0.001 ‘**’ 0.01 ‘*’ 0.05 ‘.’ 0.1 ‘ ’ 1 

Residual standard error: 0.5303 on 17 degrees of freedom
Multiple R-squared: 0.997,	Adjusted R-squared: 0.9961 
F-statistic:  1138 on 5 and 17 DF,  p-value: < 2.2e-16 

