
Call:
lm(formula = P ~ T2 + f2 + f * T + T + f)

Coefficients:
(Intercept)           T2           f2            f            T          f:T  
   78.65660      0.03381      7.46252     10.15353     -1.73745     -0.46374  


Call:
lm(formula = P ~ T2 + f2 + f * T + T + f)

Residuals:
    Min      1Q  Median      3Q     Max 
-0.8196 -0.4025 -0.0870  0.4386  1.0520 

Coefficients:
            Estimate Std. Error t value Pr(>|t|)    
(Intercept) 78.65660   11.77893   6.678 1.03e-06 ***
T2           0.03381    0.02002   1.688   0.1054    
f2           7.46252    2.95200   2.528   0.0192 *  
f           10.15353   10.98995   0.924   0.3656    
T           -1.73745    0.90930  -1.911   0.0692 .  
f:T         -0.46374    0.48373  -0.959   0.3481    
---
Signif. codes:  0 ‘***’ 0.001 ‘**’ 0.01 ‘*’ 0.05 ‘.’ 0.1 ‘ ’ 1 

Residual standard error: 0.5656 on 22 degrees of freedom
Multiple R-squared: 0.9969,	Adjusted R-squared: 0.9962 
F-statistic:  1405 on 5 and 22 DF,  p-value: < 2.2e-16 

