
Call:
lm(formula = P ~ T2 + f2 + f * T + T + f)

Coefficients:
(Intercept)           T2           f2            f            T          f:T  
   45.02526     -0.02098      3.92591    -18.14635      1.08677      0.48930  


Call:
lm(formula = P ~ T2 + f2 + f * T + T + f)

Residuals:
    Min      1Q  Median      3Q     Max 
-0.6274 -0.3381 -0.1847  0.2167  1.1487 

Coefficients:
             Estimate Std. Error t value Pr(>|t|)   
(Intercept)  45.02526   13.61092   3.308  0.00566 **
T2           -0.02098    0.11465  -0.183  0.85763   
f2            3.92591   23.25896   0.169  0.86856   
f           -18.14635   35.13675  -0.516  0.61421   
T             1.08677    2.45377   0.443  0.66512   
f:T           0.48930    3.26895   0.150  0.88331   
---
Signif. codes:  0 ‘***’ 0.001 ‘**’ 0.01 ‘*’ 0.05 ‘.’ 0.1 ‘ ’ 1 

Residual standard error: 0.547 on 13 degrees of freedom
Multiple R-squared: 0.9965,	Adjusted R-squared: 0.9952 
F-statistic: 746.3 on 5 and 13 DF,  p-value: 1.665e-15 

