
Call:
lm(formula = P ~ T2 + f2 + f * T + T + f)

Coefficients:
(Intercept)           T2           f2            f            T          f:T  
   52.45826      0.01211      9.15812     -6.58377      0.06909     -0.32180  


Call:
lm(formula = P ~ T2 + f2 + f * T + T + f)

Residuals:
     Min       1Q   Median       3Q      Max 
-0.73119 -0.19522  0.02633  0.24973  0.41173 

Coefficients:
            Estimate Std. Error t value Pr(>|t|)    
(Intercept) 52.45826    5.66129   9.266 2.38e-07 ***
T2           0.01211    0.04270   0.284    0.781    
f2           9.15812    9.41420   0.973    0.347    
f           -6.58377   14.66559  -0.449    0.660    
T            0.06909    0.96607   0.072    0.944    
f:T         -0.32180    1.26998  -0.253    0.804    
---
Signif. codes:  0 ‘***’ 0.001 ‘**’ 0.01 ‘*’ 0.05 ‘.’ 0.1 ‘ ’ 1 

Residual standard error: 0.3291 on 14 degrees of freedom
Multiple R-squared: 0.9988,	Adjusted R-squared: 0.9983 
F-statistic:  2299 on 5 and 14 DF,  p-value: < 2.2e-16 

function (save = "default", status = 0, runLast = TRUE) 
.Internal(quit(save, status, runLast))
<environment: namespace:base>
