
Call:
lm(formula = P ~ T2 + f2 + f * T + T + f)

Coefficients:
(Intercept)           T2           f2            f            T          f:T  
  55.037148     0.005502     4.366251    -3.953312    -0.155237     0.072319  


Call:
lm(formula = P ~ T2 + f2 + f * T + T + f)

Residuals:
     Min       1Q   Median       3Q      Max 
-0.58984 -0.16329  0.04861  0.16707  0.48856 

Coefficients:
             Estimate Std. Error t value Pr(>|t|)    
(Intercept) 55.037148   6.598107   8.341 3.21e-07 ***
T2           0.005502   0.037227   0.148    0.884    
f2           4.366251   6.889057   0.634    0.535    
f           -3.953312  15.290640  -0.259    0.799    
T           -0.155237   1.036877  -0.150    0.883    
f:T          0.072319   1.027479   0.070    0.945    
---
Signif. codes:  0 ‘***’ 0.001 ‘**’ 0.01 ‘*’ 0.05 ‘.’ 0.1 ‘ ’ 1 

Residual standard error: 0.2974 on 16 degrees of freedom
Multiple R-squared: 0.999,	Adjusted R-squared: 0.9987 
F-statistic:  3140 on 5 and 16 DF,  p-value: < 2.2e-16 

