
Call:
lm(formula = P ~ T2 + f2 + f * T + T + f)

Coefficients:
(Intercept)           T2           f2            f            T          f:T  
   56.87287      0.01147      8.42224     -5.90632     -0.21860     -0.18178  


Call:
lm(formula = P ~ T2 + f2 + f * T + T + f)

Residuals:
     Min       1Q   Median       3Q      Max 
-0.76743 -0.24978 -0.01404  0.23822  0.80133 

Coefficients:
            Estimate Std. Error t value Pr(>|t|)    
(Intercept) 56.87287    7.35288   7.735  1.3e-06 ***
T2           0.01147    0.02469   0.464   0.6491    
f2           8.42224    3.16480   2.661   0.0178 *  
f           -5.90632    8.79136  -0.672   0.5119    
T           -0.21860    0.75542  -0.289   0.7763    
f:T         -0.18178    0.56184  -0.324   0.7508    
---
Signif. codes:  0 ‘***’ 0.001 ‘**’ 0.01 ‘*’ 0.05 ‘.’ 0.1 ‘ ’ 1 

Residual standard error: 0.4827 on 15 degrees of freedom
Multiple R-squared: 0.9976,	Adjusted R-squared: 0.9968 
F-statistic:  1249 on 5 and 15 DF,  p-value: < 2.2e-16 

