
Call:
lm(formula = P ~ T2 + f2 + f * T + T + f)

Coefficients:
(Intercept)           T2           f2            f            T          f:T  
  64.875800     0.006105     4.503608    -4.660637    -0.353609     0.092827  


Call:
lm(formula = P ~ T2 + f2 + f * T + T + f)

Residuals:
     Min       1Q   Median       3Q      Max 
-1.27568 -0.28898 -0.03062  0.20372  1.30626 

Coefficients:
             Estimate Std. Error t value Pr(>|t|)    
(Intercept) 64.875800   5.277053  12.294 1.67e-15 ***
T2           0.006105   0.004223   1.446  0.15571    
f2           4.503608   1.290096   3.491  0.00115 ** 
f           -4.660637   3.585337  -1.300  0.20072    
T           -0.353609   0.246864  -1.432  0.15943    
f:T          0.092827   0.132065   0.703  0.48600    
---
Signif. codes:  0 ‘***’ 0.001 ‘**’ 0.01 ‘*’ 0.05 ‘.’ 0.1 ‘ ’ 1 

Residual standard error: 0.5504 on 42 degrees of freedom
Multiple R-squared: 0.9959,	Adjusted R-squared: 0.9954 
F-statistic:  2044 on 5 and 42 DF,  p-value: < 2.2e-16 

