
Call:
lm(formula = P ~ T2 + f2 + f * T + T + f)

Coefficients:
(Intercept)           T2           f2            f            T          f:T  
   68.14034      0.05506     18.96651     15.18059     -1.78609     -1.43579  


Call:
lm(formula = P ~ T2 + f2 + f * T + T + f)

Residuals:
    Min      1Q  Median      3Q     Max 
-0.7129 -0.2863 -0.1022  0.3187  0.6931 

Coefficients:
            Estimate Std. Error t value Pr(>|t|)    
(Intercept) 68.14034    5.80348  11.741 1.09e-10 ***
T2           0.05506    0.01239   4.443 0.000225 ***
f2          18.96651    2.82372   6.717 1.20e-06 ***
f           15.18059    7.32007   2.074 0.050584 .  
T           -1.78609    0.43900  -4.069 0.000552 ***
f:T         -1.43579    0.38904  -3.691 0.001358 ** 
---
Signif. codes:  0 ‘***’ 0.001 ‘**’ 0.01 ‘*’ 0.05 ‘.’ 0.1 ‘ ’ 1 

Residual standard error: 0.4062 on 21 degrees of freedom
Multiple R-squared: 0.9991,	Adjusted R-squared: 0.9989 
F-statistic:  4574 on 5 and 21 DF,  p-value: < 2.2e-16 

