
Call:
lm(formula = P ~ T2 + f2 + f * T + T + f)

Coefficients:
(Intercept)           T2           f2            f            T          f:T  
     46.754       -0.141      -28.489      -47.747        2.382        4.579  


Call:
lm(formula = P ~ T2 + f2 + f * T + T + f)

Residuals:
     Min       1Q   Median       3Q      Max 
-0.52229 -0.18937 -0.09581  0.34320  0.55371 

Coefficients:
            Estimate Std. Error t value Pr(>|t|)   
(Intercept)  46.7539    10.4688   4.466  0.00156 **
T2           -0.1410     0.1714  -0.823  0.43203   
f2          -28.4893    45.5265  -0.626  0.54700   
f           -47.7465    42.8450  -1.114  0.29398   
T             2.3815     2.5948   0.918  0.38267   
f:T           4.5790     5.6058   0.817  0.43511   
---
Signif. codes:  0 ‘***’ 0.001 ‘**’ 0.01 ‘*’ 0.05 ‘.’ 0.1 ‘ ’ 1 

Residual standard error: 0.4402 on 9 degrees of freedom
Multiple R-squared: 0.9983,	Adjusted R-squared: 0.9973 
F-statistic:  1048 on 5 and 9 DF,  p-value: 3.701e-12 

