
Call:
lm(formula = P ~ T2 + f2 + f * T + T + f)

Coefficients:
(Intercept)           T2           f2            f            T          f:T  
    52.7532       0.0114       6.3760      -2.7039      -0.2402      -0.1265  


Call:
lm(formula = P ~ T2 + f2 + f * T + T + f)

Residuals:
     Min       1Q   Median       3Q      Max 
-0.82307 -0.43426 -0.01168  0.25347  0.88515 

Coefficients:
            Estimate Std. Error t value Pr(>|t|)    
(Intercept) 52.75318    5.33748   9.884 2.06e-07 ***
T2           0.01140    0.04301   0.265    0.795    
f2           6.37599   11.31194   0.564    0.583    
f           -2.70394   13.30734  -0.203    0.842    
T           -0.24021    0.76879  -0.312    0.760    
f:T         -0.12652    1.39163  -0.091    0.929    
---
Signif. codes:  0 ‘***’ 0.001 ‘**’ 0.01 ‘*’ 0.05 ‘.’ 0.1 ‘ ’ 1 

Residual standard error: 0.5953 on 13 degrees of freedom
Multiple R-squared: 0.9969,	Adjusted R-squared: 0.9957 
F-statistic: 838.6 on 5 and 13 DF,  p-value: 7.823e-16 

function (save = "default", status = 0, runLast = TRUE) 
.Internal(quit(save, status, runLast))
<environment: namespace:base>
