\BOOKMARK [1][-]{section.1}{Introduction}{}% 1
\BOOKMARK [1][-]{section.2}{Related Work}{}% 2
\BOOKMARK [1][-]{section.3}{System Models and Problem Definition}{}% 3
\BOOKMARK [2][-]{subsection.3.1}{Multiprocessor Model}{section.3}% 4
\BOOKMARK [2][-]{subsection.3.2}{Task Model}{section.3}% 5
\BOOKMARK [2][-]{subsection.3.3}{Power Model}{section.3}% 6
\BOOKMARK [2][-]{subsection.3.4}{Temperature Model}{section.3}% 7
\BOOKMARK [3][-]{subsubsection.3.4.1}{Heat-Independent Thermal Model \(HIT Model\)}{subsection.3.4}% 8
\BOOKMARK [3][-]{subsubsection.3.4.2}{Heat-Dependent Thermal Model \(HDT model\)}{subsection.3.4}% 9
\BOOKMARK [2][-]{subsection.3.5}{Problem Definition}{section.3}% 10
\BOOKMARK [3][-]{subsubsection.3.5.1}{Problem Statement}{subsection.3.5}% 11
\BOOKMARK [1][-]{section.4}{Partitioning Algorithms}{}% 12
\BOOKMARK [2][-]{subsection.4.1}{Genetic Algorithm Based Partitioning Approach}{section.4}% 13
\BOOKMARK [3][-]{subsubsection.4.1.1}{Initial Population}{subsection.4.1}% 14
\BOOKMARK [3][-]{subsubsection.4.1.2}{Fitness Value}{subsection.4.1}% 15
\BOOKMARK [3][-]{subsubsection.4.1.3}{Crossover and Mutation}{subsection.4.1}% 16
\BOOKMARK [3][-]{subsubsection.4.1.4}{Elitism and Regeneration}{subsection.4.1}% 17
\BOOKMARK [3][-]{subsubsection.4.1.5}{Termination}{subsection.4.1}% 18
\BOOKMARK [2][-]{subsection.4.2}{Min-Core Worst-Fit Partitioning Heuristic}{section.4}% 19
\BOOKMARK [2][-]{subsection.4.3}{Hybrid Worst-Fit Genetic Algorithm}{section.4}% 20
\BOOKMARK [1][-]{section.5}{Results and Discussion}{}% 21
\BOOKMARK [2][-]{subsection.5.1}{Results using Heat-Independent Thermal Model}{section.5}% 22
\BOOKMARK [2][-]{subsection.5.2}{Results using Heat-Dependent Thermal Model}{section.5}% 23
\BOOKMARK [1][-]{section.6}{Conclusion}{}% 24
\BOOKMARK [1][-]{section*.1}{References}{}% 25
