This is pdfTeX, Version 3.1415926-2.5-1.40.14 (TeX Live 2013) (format=pdflatex 2014.4.28)  3 JUN 2014 15:23
entering extended mode
 restricted \write18 enabled.
 file:line:error style messages enabled.
 %&-line parsing enabled.
**rtcsa.tex
(./rtcsa.tex
LaTeX2e <2011/06/27>
Babel <3.9k> and hyphenation patterns for 78 languages loaded.
(/usr/local/texlive/2013/texmf-dist/tex/latex/IEEEtran/IEEEtran.cls
Document Class: IEEEtran 2012/12/27 V1.8 by Michael Shell
-- See the "IEEEtran_HOWTO" manual for usage information.
-- http://www.michaelshell.org/tex/ieeetran/
\@IEEEtrantmpdimenA=\dimen102
\@IEEEtrantmpdimenB=\dimen103
\@IEEEtrantmpcountA=\count79
\@IEEEtrantmpcountB=\count80
\@IEEEtrantmptoksA=\toks14
LaTeX Font Info:    Try loading font information for OT1+ptm on input line 368.

(/usr/local/texlive/2013/texmf-dist/tex/latex/psnfss/ot1ptm.fd
File: ot1ptm.fd 2001/06/04 font definitions for OT1/ptm.
)
-- Using 8.5in x 11in (letter) paper.
-- Using PDF output.
\@IEEEnormalsizeunitybaselineskip=\dimen104
-- This is a 10 point document.
\CLASSINFOnormalsizebaselineskip=\dimen105
\CLASSINFOnormalsizeunitybaselineskip=\dimen106
\IEEEnormaljot=\dimen107
LaTeX Font Info:    Font shape `OT1/ptm/bx/n' in size <5> not available
(Font)              Font shape `OT1/ptm/b/n' tried instead on input line 726.
LaTeX Font Info:    Font shape `OT1/ptm/bx/it' in size <5> not available
(Font)              Font shape `OT1/ptm/b/it' tried instead on input line 726.
LaTeX Font Info:    Font shape `OT1/ptm/bx/n' in size <7> not available
(Font)              Font shape `OT1/ptm/b/n' tried instead on input line 726.
LaTeX Font Info:    Font shape `OT1/ptm/bx/it' in size <7> not available
(Font)              Font shape `OT1/ptm/b/it' tried instead on input line 726.
LaTeX Font Info:    Font shape `OT1/ptm/bx/n' in size <8> not available
(Font)              Font shape `OT1/ptm/b/n' tried instead on input line 726.
LaTeX Font Info:    Font shape `OT1/ptm/bx/it' in size <8> not available
(Font)              Font shape `OT1/ptm/b/it' tried instead on input line 726.
LaTeX Font Info:    Font shape `OT1/ptm/bx/n' in size <9> not available
(Font)              Font shape `OT1/ptm/b/n' tried instead on input line 726.
LaTeX Font Info:    Font shape `OT1/ptm/bx/it' in size <9> not available
(Font)              Font shape `OT1/ptm/b/it' tried instead on input line 726.
LaTeX Font Info:    Font shape `OT1/ptm/bx/n' in size <10> not available
(Font)              Font shape `OT1/ptm/b/n' tried instead on input line 726.
LaTeX Font Info:    Font shape `OT1/ptm/bx/it' in size <10> not available
(Font)              Font shape `OT1/ptm/b/it' tried instead on input line 726.
LaTeX Font Info:    Font shape `OT1/ptm/bx/n' in size <11> not available
(Font)              Font shape `OT1/ptm/b/n' tried instead on input line 726.
LaTeX Font Info:    Font shape `OT1/ptm/bx/it' in size <11> not available
(Font)              Font shape `OT1/ptm/b/it' tried instead on input line 726.
LaTeX Font Info:    Font shape `OT1/ptm/bx/n' in size <12> not available
(Font)              Font shape `OT1/ptm/b/n' tried instead on input line 726.
LaTeX Font Info:    Font shape `OT1/ptm/bx/it' in size <12> not available
(Font)              Font shape `OT1/ptm/b/it' tried instead on input line 726.
LaTeX Font Info:    Font shape `OT1/ptm/bx/n' in size <17> not available
(Font)              Font shape `OT1/ptm/b/n' tried instead on input line 726.
LaTeX Font Info:    Font shape `OT1/ptm/bx/it' in size <17> not available
(Font)              Font shape `OT1/ptm/b/it' tried instead on input line 726.
LaTeX Font Info:    Font shape `OT1/ptm/bx/n' in size <20> not available
(Font)              Font shape `OT1/ptm/b/n' tried instead on input line 726.
LaTeX Font Info:    Font shape `OT1/ptm/bx/it' in size <20> not available
(Font)              Font shape `OT1/ptm/b/it' tried instead on input line 726.
LaTeX Font Info:    Font shape `OT1/ptm/bx/n' in size <24> not available
(Font)              Font shape `OT1/ptm/b/n' tried instead on input line 726.
LaTeX Font Info:    Font shape `OT1/ptm/bx/it' in size <24> not available
(Font)              Font shape `OT1/ptm/b/it' tried instead on input line 726.
\IEEEilabelindentA=\dimen108
\IEEEilabelindentB=\dimen109
\IEEEilabelindent=\dimen110
\IEEEelabelindent=\dimen111
\IEEEdlabelindent=\dimen112
\IEEElabelindent=\dimen113
\IEEEiednormlabelsep=\dimen114
\IEEEiedmathlabelsep=\dimen115
\IEEEiedtopsep=\skip41
\c@section=\count81
\c@subsection=\count82
\c@subsubsection=\count83
\c@paragraph=\count84
\c@IEEEsubequation=\count85
\abovecaptionskip=\skip42
\belowcaptionskip=\skip43
\c@figure=\count86
\c@table=\count87
\@IEEEeqnnumcols=\count88
\@IEEEeqncolcnt=\count89
\@IEEEsubeqnnumrollback=\count90
\@IEEEtmpitemindent=\dimen116
\c@IEEEbiography=\count91
\@IEEEtranrubishbin=\box26
) (/usr/local/texlive/2013/texmf-dist/tex/latex/amsfonts/amssymb.sty
Package: amssymb 2013/01/14 v3.01 AMS font symbols

(/usr/local/texlive/2013/texmf-dist/tex/latex/amsfonts/amsfonts.sty
Package: amsfonts 2013/01/14 v3.01 Basic AMSFonts support
\@emptytoks=\toks15
\symAMSa=\mathgroup4
\symAMSb=\mathgroup5
LaTeX Font Info:    Overwriting math alphabet `\mathfrak' in version `bold'
(Font)                  U/euf/m/n --> U/euf/b/n on input line 106.
))
(/usr/local/texlive/2013/texmf-dist/tex/latex/amsmath/amsmath.sty
Package: amsmath 2013/01/14 v2.14 AMS math features
\@mathmargin=\skip44

For additional information on amsmath, use the `?' option.
(/usr/local/texlive/2013/texmf-dist/tex/latex/amsmath/amstext.sty
Package: amstext 2000/06/29 v2.01

(/usr/local/texlive/2013/texmf-dist/tex/latex/amsmath/amsgen.sty
File: amsgen.sty 1999/11/30 v2.0
\@emptytoks=\toks16
\ex@=\dimen117
))
(/usr/local/texlive/2013/texmf-dist/tex/latex/amsmath/amsbsy.sty
Package: amsbsy 1999/11/29 v1.2d
\pmbraise@=\dimen118
)
(/usr/local/texlive/2013/texmf-dist/tex/latex/amsmath/amsopn.sty
Package: amsopn 1999/12/14 v2.01 operator names
)
\inf@bad=\count92
LaTeX Info: Redefining \frac on input line 210.
\uproot@=\count93
\leftroot@=\count94
LaTeX Info: Redefining \overline on input line 306.
\classnum@=\count95
\DOTSCASE@=\count96
LaTeX Info: Redefining \ldots on input line 378.
LaTeX Info: Redefining \dots on input line 381.
LaTeX Info: Redefining \cdots on input line 466.
\Mathstrutbox@=\box27
\strutbox@=\box28
\big@size=\dimen119
LaTeX Font Info:    Redeclaring font encoding OML on input line 566.
LaTeX Font Info:    Redeclaring font encoding OMS on input line 567.
\macc@depth=\count97
\c@MaxMatrixCols=\count98
\dotsspace@=\muskip10
\c@parentequation=\count99
\dspbrk@lvl=\count100
\tag@help=\toks17
\row@=\count101
\column@=\count102
\maxfields@=\count103
\andhelp@=\toks18
\eqnshift@=\dimen120
\alignsep@=\dimen121
\tagshift@=\dimen122
\tagwidth@=\dimen123
\totwidth@=\dimen124
\lineht@=\dimen125
\@envbody=\toks19
\multlinegap=\skip45
\multlinetaggap=\skip46
\mathdisplay@stack=\toks20
LaTeX Info: Redefining \[ on input line 2665.
LaTeX Info: Redefining \] on input line 2666.
)
(/usr/local/texlive/2013/texmf-dist/tex/latex/graphics/graphicx.sty
Package: graphicx 1999/02/16 v1.0f Enhanced LaTeX Graphics (DPC,SPQR)

(/usr/local/texlive/2013/texmf-dist/tex/latex/graphics/keyval.sty
Package: keyval 1999/03/16 v1.13 key=value parser (DPC)
\KV@toks@=\toks21
)
(/usr/local/texlive/2013/texmf-dist/tex/latex/graphics/graphics.sty
Package: graphics 2009/02/05 v1.0o Standard LaTeX Graphics (DPC,SPQR)

(/usr/local/texlive/2013/texmf-dist/tex/latex/graphics/trig.sty
Package: trig 1999/03/16 v1.09 sin cos tan (DPC)
)
(/usr/local/texlive/2013/texmf-dist/tex/latex/latexconfig/graphics.cfg
File: graphics.cfg 2010/04/23 v1.9 graphics configuration of TeX Live
)
Package graphics Info: Driver file: pdftex.def on input line 91.

(/usr/local/texlive/2013/texmf-dist/tex/latex/pdftex-def/pdftex.def
File: pdftex.def 2011/05/27 v0.06d Graphics/color for pdfTeX

(/usr/local/texlive/2013/texmf-dist/tex/generic/oberdiek/infwarerr.sty
Package: infwarerr 2010/04/08 v1.3 Providing info/warning/error messages (HO)
)
(/usr/local/texlive/2013/texmf-dist/tex/generic/oberdiek/ltxcmds.sty
Package: ltxcmds 2011/11/09 v1.22 LaTeX kernel commands for general use (HO)
)
\Gread@gobject=\count104
))
\Gin@req@height=\dimen126
\Gin@req@width=\dimen127
)
(/usr/local/texlive/2013/texmf-dist/tex/latex/tools/tabularx.sty
Package: tabularx 1999/01/07 v2.07 `tabularx' package (DPC)

(/usr/local/texlive/2013/texmf-dist/tex/latex/tools/array.sty
Package: array 2008/09/09 v2.4c Tabular extension package (FMi)
\col@sep=\dimen128
\extrarowheight=\dimen129
\NC@list=\toks22
\extratabsurround=\skip47
\backup@length=\skip48
)
\TX@col@width=\dimen130
\TX@old@table=\dimen131
\TX@old@col=\dimen132
\TX@target=\dimen133
\TX@delta=\dimen134
\TX@cols=\count105
\TX@ftn=\toks23
)
(/usr/local/texlive/2013/texmf-dist/tex/latex/subfigure/subfigure.sty
Package: subfigure 2002/03/15 v2.1.5 subfigure package
\subfigtopskip=\skip49
\subfigcapskip=\skip50
\subfigcaptopadj=\dimen135
\subfigbottomskip=\skip51
\subfigcapmargin=\dimen136
\subfiglabelskip=\skip52
\c@subfigure=\count106
\c@lofdepth=\count107
\c@subtable=\count108
\c@lotdepth=\count109

****************************************
* Local config file subfigure.cfg used *
****************************************
(/usr/local/texlive/2013/texmf-dist/tex/latex/subfigure/subfigure.cfg)
\subfig@top=\skip53
\subfig@bottom=\skip54
)
(/usr/local/texlive/2013/texmf-dist/tex/latex/algorithms/algorithm.sty
Package: algorithm 2009/08/24 v0.1 Document Style `algorithm' - floating enviro
nment

(/usr/local/texlive/2013/texmf-dist/tex/latex/float/float.sty
Package: float 2001/11/08 v1.3d Float enhancements (AL)
\c@float@type=\count110
\float@exts=\toks24
\float@box=\box29
\@float@everytoks=\toks25
\@floatcapt=\box30
)
(/usr/local/texlive/2013/texmf-dist/tex/latex/base/ifthen.sty
Package: ifthen 2001/05/26 v1.1c Standard LaTeX ifthen package (DPC)
)
\@float@every@algorithm=\toks26
\c@algorithm=\count111
)
(/usr/local/texlive/2013/texmf-dist/tex/latex/algorithms/algorithmic.sty
Package: algorithmic 2009/08/24 v0.1 Document Style `algorithmic'
\c@ALC@unique=\count112
\c@ALC@line=\count113
\c@ALC@rem=\count114
\c@ALC@depth=\count115
\ALC@tlm=\skip55
\algorithmicindent=\skip56
)
(/usr/local/texlive/2013/texmf-dist/tex/latex/oberdiek/epstopdf.sty
Package: epstopdf 2010/02/09 v2.5 Conversion with epstopdf on the fly (HO)

(/usr/local/texlive/2013/texmf-dist/tex/latex/oberdiek/epstopdf-base.sty
Package: epstopdf-base 2010/02/09 v2.5 Base part for package epstopdf

(/usr/local/texlive/2013/texmf-dist/tex/latex/oberdiek/grfext.sty
Package: grfext 2010/08/19 v1.1 Manage graphics extensions (HO)

(/usr/local/texlive/2013/texmf-dist/tex/generic/oberdiek/kvdefinekeys.sty
Package: kvdefinekeys 2011/04/07 v1.3 Define keys (HO)
))
(/usr/local/texlive/2013/texmf-dist/tex/latex/oberdiek/kvoptions.sty
Package: kvoptions 2011/06/30 v3.11 Key value format for package options (HO)

(/usr/local/texlive/2013/texmf-dist/tex/generic/oberdiek/kvsetkeys.sty
Package: kvsetkeys 2012/04/25 v1.16 Key value parser (HO)

(/usr/local/texlive/2013/texmf-dist/tex/generic/oberdiek/etexcmds.sty
Package: etexcmds 2011/02/16 v1.5 Avoid name clashes with e-TeX commands (HO)

(/usr/local/texlive/2013/texmf-dist/tex/generic/oberdiek/ifluatex.sty
Package: ifluatex 2010/03/01 v1.3 Provides the ifluatex switch (HO)
Package ifluatex Info: LuaTeX not detected.
)
Package etexcmds Info: Could not find \expanded.
(etexcmds)             That can mean that you are not using pdfTeX 1.50 or
(etexcmds)             that some package has redefined \expanded.
(etexcmds)             In the latter case, load this package earlier.
)))
(/usr/local/texlive/2013/texmf-dist/tex/generic/oberdiek/pdftexcmds.sty
Package: pdftexcmds 2011/11/29 v0.20 Utility functions of pdfTeX for LuaTeX (HO
)

(/usr/local/texlive/2013/texmf-dist/tex/generic/oberdiek/ifpdf.sty
Package: ifpdf 2011/01/30 v2.3 Provides the ifpdf switch (HO)
Package ifpdf Info: pdfTeX in PDF mode is detected.
)
Package pdftexcmds Info: LuaTeX not detected.
Package pdftexcmds Info: \pdf@primitive is available.
Package pdftexcmds Info: \pdf@ifprimitive is available.
Package pdftexcmds Info: \pdfdraftmode found.
)
Package grfext Info: Graphics extension search list:
(grfext)             [.png,.pdf,.jpg,.mps,.jpeg,.jbig2,.jb2,.PNG,.PDF,.JPG,.JPE
G,.JBIG2,.JB2,.eps]
(grfext)             \AppendGraphicsExtensions on input line 452.

(/usr/local/texlive/2013/texmf-dist/tex/latex/latexconfig/epstopdf-sys.cfg
File: epstopdf-sys.cfg 2010/07/13 v1.3 Configuration of (r)epstopdf for TeX Liv
e
)))
(/usr/local/texlive/2013/texmf-dist/tex/latex/jknapltx/mathrsfs.sty
Package: mathrsfs 1996/01/01 Math RSFS package v1.0 (jk)
\symrsfs=\mathgroup6
)
(/usr/local/texlive/2013/texmf-dist/tex/latex/hyperref/hyperref.sty
Package: hyperref 2012/11/06 v6.83m Hypertext links for LaTeX

(/usr/local/texlive/2013/texmf-dist/tex/generic/oberdiek/hobsub-hyperref.sty
Package: hobsub-hyperref 2012/05/28 v1.13 Bundle oberdiek, subset hyperref (HO)


(/usr/local/texlive/2013/texmf-dist/tex/generic/oberdiek/hobsub-generic.sty
Package: hobsub-generic 2012/05/28 v1.13 Bundle oberdiek, subset generic (HO)
Package: hobsub 2012/05/28 v1.13 Construct package bundles (HO)
Package hobsub Info: Skipping package `infwarerr' (already loaded).
Package hobsub Info: Skipping package `ltxcmds' (already loaded).
Package hobsub Info: Skipping package `ifluatex' (already loaded).
Package: ifvtex 2010/03/01 v1.5 Detect VTeX and its facilities (HO)
Package ifvtex Info: VTeX not detected.
Package: intcalc 2007/09/27 v1.1 Expandable calculations with integers (HO)
Package hobsub Info: Skipping package `ifpdf' (already loaded).
Package hobsub Info: Skipping package `etexcmds' (already loaded).
Package hobsub Info: Skipping package `kvsetkeys' (already loaded).
Package hobsub Info: Skipping package `kvdefinekeys' (already loaded).
Package hobsub Info: Skipping package `pdftexcmds' (already loaded).
Package: pdfescape 2011/11/25 v1.13 Implements pdfTeX's escape features (HO)
Package: bigintcalc 2012/04/08 v1.3 Expandable calculations on big integers (HO
)
Package: bitset 2011/01/30 v1.1 Handle bit-vector datatype (HO)
Package: uniquecounter 2011/01/30 v1.2 Provide unlimited unique counter (HO)
)
Package hobsub Info: Skipping package `hobsub' (already loaded).
Package: letltxmacro 2010/09/02 v1.4 Let assignment for LaTeX macros (HO)
Package: hopatch 2012/05/28 v1.2 Wrapper for package hooks (HO)
Package: xcolor-patch 2011/01/30 xcolor patch
Package: atveryend 2011/06/30 v1.8 Hooks at the very end of document (HO)
Package atveryend Info: \enddocument detected (standard20110627).
Package: atbegshi 2011/10/05 v1.16 At begin shipout hook (HO)
Package: refcount 2011/10/16 v3.4 Data extraction from label references (HO)
Package: hycolor 2011/01/30 v1.7 Color options for hyperref/bookmark (HO)
)
(/usr/local/texlive/2013/texmf-dist/tex/generic/ifxetex/ifxetex.sty
Package: ifxetex 2010/09/12 v0.6 Provides ifxetex conditional
)
(/usr/local/texlive/2013/texmf-dist/tex/latex/oberdiek/auxhook.sty
Package: auxhook 2011/03/04 v1.3 Hooks for auxiliary files (HO)
)
\@linkdim=\dimen137
\Hy@linkcounter=\count116
\Hy@pagecounter=\count117

(/usr/local/texlive/2013/texmf-dist/tex/latex/hyperref/pd1enc.def
File: pd1enc.def 2012/11/06 v6.83m Hyperref: PDFDocEncoding definition (HO)
)
\Hy@SavedSpaceFactor=\count118

(/usr/local/texlive/2013/texmf-dist/tex/latex/latexconfig/hyperref.cfg
File: hyperref.cfg 2002/06/06 v1.2 hyperref configuration of TeXLive
)
Package hyperref Info: Hyper figures OFF on input line 4443.
Package hyperref Info: Link nesting OFF on input line 4448.
Package hyperref Info: Hyper index ON on input line 4451.
Package hyperref Info: Plain pages OFF on input line 4458.
Package hyperref Info: Backreferencing OFF on input line 4463.
Package hyperref Info: Implicit mode ON; LaTeX internals redefined.
Package hyperref Info: Bookmarks ON on input line 4688.
\c@Hy@tempcnt=\count119

(/usr/local/texlive/2013/texmf-dist/tex/latex/url/url.sty
\Urlmuskip=\muskip11
Package: url 2013/09/16  ver 3.4  Verb mode for urls, etc.
)
LaTeX Info: Redefining \url on input line 5041.
\XeTeXLinkMargin=\dimen138
\Fld@menulength=\count120
\Field@Width=\dimen139
\Fld@charsize=\dimen140
Package hyperref Info: Hyper figures OFF on input line 6295.
Package hyperref Info: Link nesting OFF on input line 6300.
Package hyperref Info: Hyper index ON on input line 6303.
Package hyperref Info: backreferencing OFF on input line 6310.
Package hyperref Info: Link coloring OFF on input line 6315.
Package hyperref Info: Link coloring with OCG OFF on input line 6320.
Package hyperref Info: PDF/A mode OFF on input line 6325.
LaTeX Info: Redefining \ref on input line 6365.
LaTeX Info: Redefining \pageref on input line 6369.
\Hy@abspage=\count121
\c@Item=\count122
\c@Hfootnote=\count123
)

Package hyperref Message: Driver (autodetected): hpdftex.

(/usr/local/texlive/2013/texmf-dist/tex/latex/hyperref/hpdftex.def
File: hpdftex.def 2012/11/06 v6.83m Hyperref driver for pdfTeX
\Fld@listcount=\count124
\c@bookmark@seq@number=\count125

(/usr/local/texlive/2013/texmf-dist/tex/latex/oberdiek/rerunfilecheck.sty
Package: rerunfilecheck 2011/04/15 v1.7 Rerun checks for auxiliary files (HO)
Package uniquecounter Info: New unique counter `rerunfilecheck' on input line 2
82.
)
\Hy@SectionHShift=\skip57
)
\c@theorem=\count126
\c@definition=\count127
\c@notation=\count128
\c@proposition=\count129
\c@lemma=\count130

(./rtcsa.aux)
\openout1 = `rtcsa.aux'.

LaTeX Font Info:    Checking defaults for OML/cmm/m/it on input line 18.
LaTeX Font Info:    ... okay on input line 18.
LaTeX Font Info:    Checking defaults for T1/cmr/m/n on input line 18.
LaTeX Font Info:    ... okay on input line 18.
LaTeX Font Info:    Checking defaults for OT1/cmr/m/n on input line 18.
LaTeX Font Info:    ... okay on input line 18.
LaTeX Font Info:    Checking defaults for OMS/cmsy/m/n on input line 18.
LaTeX Font Info:    ... okay on input line 18.
LaTeX Font Info:    Checking defaults for OMX/cmex/m/n on input line 18.
LaTeX Font Info:    ... okay on input line 18.
LaTeX Font Info:    Checking defaults for U/cmr/m/n on input line 18.
LaTeX Font Info:    ... okay on input line 18.
LaTeX Font Info:    Checking defaults for PD1/pdf/m/n on input line 18.
LaTeX Font Info:    ... okay on input line 18.

(/usr/local/texlive/2013/texmf-dist/tex/context/base/supp-pdf.mkii
[Loading MPS to PDF converter (version 2006.09.02).]
\scratchcounter=\count131
\scratchdimen=\dimen141
\scratchbox=\box31
\nofMPsegments=\count132
\nofMParguments=\count133
\everyMPshowfont=\toks27
\MPscratchCnt=\count134
\MPscratchDim=\dimen142
\MPnumerator=\count135
\makeMPintoPDFobject=\count136
\everyMPtoPDFconversion=\toks28
)
\AtBeginShipoutBox=\box32
Package hyperref Info: Link coloring OFF on input line 18.
 (/usr/local/texlive/2013/texmf-dist/tex/latex/hyperref/nameref.sty
Package: nameref 2012/10/27 v2.43 Cross-referencing by name of section

(/usr/local/texlive/2013/texmf-dist/tex/generic/oberdiek/gettitlestring.sty
Package: gettitlestring 2010/12/03 v1.4 Cleanup title references (HO)
)
\c@section@level=\count137
)
LaTeX Info: Redefining \ref on input line 18.
LaTeX Info: Redefining \pageref on input line 18.
LaTeX Info: Redefining \nameref on input line 18.

(./rtcsa.out) (./rtcsa.out)
\@outlinefile=\write3
\openout3 = `rtcsa.out'.

LaTeX Font Info:    Try loading font information for OMS+ptm on input line 30.

(/usr/local/texlive/2013/texmf-dist/tex/latex/psnfss/omsptm.fd
File: omsptm.fd 
)
LaTeX Font Info:    Font shape `OMS/ptm/m/n' in size <10> not available
(Font)              Font shape `OMS/cmsy/m/n' tried instead on input line 30.
 [1{/usr/local/texlive/2013/texmf-var/fonts/map/pdftex/updmap/pdftex.map}


]
LaTeX Font Info:    Try loading font information for U+msa on input line 182.

(/usr/local/texlive/2013/texmf-dist/tex/latex/amsfonts/umsa.fd
File: umsa.fd 2013/01/14 v3.01 AMS symbols A
)
LaTeX Font Info:    Try loading font information for U+msb on input line 182.

(/usr/local/texlive/2013/texmf-dist/tex/latex/amsfonts/umsb.fd
File: umsb.fd 2013/01/14 v3.01 AMS symbols B
)
LaTeX Font Info:    Try loading font information for U+rsfs on input line 182.

(/usr/local/texlive/2013/texmf-dist/tex/latex/jknapltx/ursfs.fd
File: ursfs.fd 1998/03/24 rsfs font definition file (jk)
) [2]
Overfull \hbox (3.68282pt too wide) detected at line 374
[]\OML/cmm/m/it/10 T[] \OT1/cmr/m/n/10 = [] = []
 []


LaTeX Font Warning: Command \footnotesize invalid in math mode on input line 41
3.


LaTeX Font Warning: Command \footnotesize invalid in math mode on input line 42
3.

[3]
Overfull \hbox (7.67325pt too wide) detected at line 516
[] [] [] \OT1/cmr/m/n/7 = \OMS/cmsy/m/n/7 ^^@ []
 []


Overfull \hbox (11.07207pt too wide) detected at line 527
[][] [] [] [][] \OMS/cmsy/m/n/10 ^^B [][] \OT1/cmr/m/n/10 = \OMS/cmsy/m/n/10 ^^
@ [][]
 []


Overfull \hbox (2.60295pt too wide) detected at line 594
[][] \OT1/cmr/m/n/10 : [][] \OMS/cmsy/m/n/10 ^^U \OML/cmm/m/it/10 U[] [] [] [] 
[] [][]
 []

Package epstopdf Info: Source file: <chromo.eps>
(epstopdf)                    date: 2011-05-04 11:30:38
(epstopdf)                    size: 665036 bytes
(epstopdf)             Output file: <chromo-eps-converted-to.pdf>
(epstopdf)             Command: <repstopdf --outfile=chromo-eps-converted-to.pd
f chromo.eps>
(epstopdf)             \includegraphics on input line 624.
runsystem(repstopdf --outfile=chromo-eps-converted-to.pdf chromo.eps)...execute
d safely (allowed).

Package epstopdf Info: Result file: <chromo-eps-converted-to.pdf>
(epstopdf)                    date: 2014-06-03 15:23:34
(epstopdf)                    size: 39373 bytes.
<chromo-eps-converted-to.pdf, id=286, 558.085pt x 59.22125pt>
File: chromo-eps-converted-to.pdf Graphic file (type pdf)

<use chromo-eps-converted-to.pdf>
Package pdftex.def Info: chromo-eps-converted-to.pdf used on input line 624.
(pdftex.def)             Requested size: 195.33267pt x 20.72774pt.
 [4 <./chromo-eps-converted-to.pdf>]
Package epstopdf Info: Source file: <crossover.eps>
(epstopdf)                    date: 2011-05-04 11:30:38
(epstopdf)                    size: 276491 bytes
(epstopdf)             Output file: <crossover-eps-converted-to.pdf>
(epstopdf)             Command: <repstopdf --outfile=crossover-eps-converted-to
.pdf crossover.eps>
(epstopdf)             \includegraphics on input line 740.
runsystem(repstopdf --outfile=crossover-eps-converted-to.pdf crossover.eps)...e
xecuted safely (allowed).

Package epstopdf Info: Result file: <crossover-eps-converted-to.pdf>
(epstopdf)                    date: 2014-06-03 15:23:35
(epstopdf)                    size: 14421 bytes.

<crossover-eps-converted-to.pdf, id=358, 558.085pt x 290.08376pt>
File: crossover-eps-converted-to.pdf Graphic file (type pdf)

<use crossover-eps-converted-to.pdf>
Package pdftex.def Info: crossover-eps-converted-to.pdf used on input line 740.

(pdftex.def)             Requested size: 195.33267pt x 101.53082pt.


LaTeX Warning: `h' float specifier changed to `ht'.

Package epstopdf Info: Source file: <mutation.eps>
(epstopdf)                    date: 2011-05-04 11:30:38
(epstopdf)                    size: 276788 bytes
(epstopdf)             Output file: <mutation-eps-converted-to.pdf>
(epstopdf)             Command: <repstopdf --outfile=mutation-eps-converted-to.
pdf mutation.eps>
(epstopdf)             \includegraphics on input line 758.
runsystem(repstopdf --outfile=mutation-eps-converted-to.pdf mutation.eps)...exe
cuted safely (allowed).

Package epstopdf Info: Result file: <mutation-eps-converted-to.pdf>
(epstopdf)                    date: 2014-06-03 15:23:36
(epstopdf)                    size: 14097 bytes.
<mutation-eps-converted-to.pdf, id=361, 557.08125pt x 167.62625pt>
File: mutation-eps-converted-to.pdf Graphic file (type pdf)

<use mutation-eps-converted-to.pdf>
Package pdftex.def Info: mutation-eps-converted-to.pdf used on input line 758.
(pdftex.def)             Requested size: 194.98135pt x 58.67006pt.
Package hyperref Info: bookmark level for unknown algorithm defaults to 0 on in
put line 780.
 [5 <./crossover-eps-converted-to.pdf> <./mutation-eps-converted-to.pdf>] [6]
Package epstopdf Info: Source file: <simple_1.eps>
(epstopdf)                    date: 2011-10-25 13:36:04
(epstopdf)                    size: 371541 bytes
(epstopdf)             Output file: <simple_1-eps-converted-to.pdf>
(epstopdf)             Command: <repstopdf --outfile=simple_1-eps-converted-to.
pdf simple_1.eps>
(epstopdf)             \includegraphics on input line 1021.
runsystem(repstopdf --outfile=simple_1-eps-converted-to.pdf simple_1.eps)...exe
cuted safely (allowed).

Package epstopdf Info: Result file: <simple_1-eps-converted-to.pdf>
(epstopdf)                    date: 2014-06-03 15:23:38
(epstopdf)                    size: 30845 bytes.

<simple_1-eps-converted-to.pdf, id=506, 462.72874pt x 307.1475pt>
File: simple_1-eps-converted-to.pdf Graphic file (type pdf)

<use simple_1-eps-converted-to.pdf>
Package pdftex.def Info: simple_1-eps-converted-to.pdf used on input line 1021.

(pdftex.def)             Requested size: 161.95749pt x 107.50323pt.
Package epstopdf Info: Source file: <simple_2.eps>
(epstopdf)                    date: 2011-10-25 13:36:04
(epstopdf)                    size: 368745 bytes
(epstopdf)             Output file: <simple_2-eps-converted-to.pdf>
(epstopdf)             Command: <repstopdf --outfile=simple_2-eps-converted-to.
pdf simple_2.eps>
(epstopdf)             \includegraphics on input line 1022.
runsystem(repstopdf --outfile=simple_2-eps-converted-to.pdf simple_2.eps)...exe
cuted safely (allowed).

Package epstopdf Info: Result file: <simple_2-eps-converted-to.pdf>
(epstopdf)                    date: 2014-06-03 15:23:39
(epstopdf)                    size: 30143 bytes.

<simple_2-eps-converted-to.pdf, id=507, 463.7325pt x 307.1475pt>
File: simple_2-eps-converted-to.pdf Graphic file (type pdf)

<use simple_2-eps-converted-to.pdf>
Package pdftex.def Info: simple_2-eps-converted-to.pdf used on input line 1022.

(pdftex.def)             Requested size: 162.30879pt x 107.50323pt.
Package epstopdf Info: Source file: <simple_3.eps>
(epstopdf)                    date: 2011-10-25 13:36:04
(epstopdf)                    size: 368669 bytes
(epstopdf)             Output file: <simple_3-eps-converted-to.pdf>
(epstopdf)             Command: <repstopdf --outfile=simple_3-eps-converted-to.
pdf simple_3.eps>
(epstopdf)             \includegraphics on input line 1023.
runsystem(repstopdf --outfile=simple_3-eps-converted-to.pdf simple_3.eps)...exe
cuted safely (allowed).

Package epstopdf Info: Result file: <simple_3-eps-converted-to.pdf>
(epstopdf)                    date: 2014-06-03 15:23:40
(epstopdf)                    size: 30148 bytes.

<simple_3-eps-converted-to.pdf, id=508, 460.72125pt x 307.1475pt>
File: simple_3-eps-converted-to.pdf Graphic file (type pdf)

<use simple_3-eps-converted-to.pdf>
Package pdftex.def Info: simple_3-eps-converted-to.pdf used on input line 1023.

(pdftex.def)             Requested size: 161.25485pt x 107.50323pt.
Package epstopdf Info: Source file: <simple_4.eps>
(epstopdf)                    date: 2011-10-25 13:36:06
(epstopdf)                    size: 361642 bytes
(epstopdf)             Output file: <simple_4-eps-converted-to.pdf>
(epstopdf)             Command: <repstopdf --outfile=simple_4-eps-converted-to.
pdf simple_4.eps>
(epstopdf)             \includegraphics on input line 1024.
runsystem(repstopdf --outfile=simple_4-eps-converted-to.pdf simple_4.eps)...exe
cuted safely (allowed).

Package epstopdf Info: Result file: <simple_4-eps-converted-to.pdf>
(epstopdf)                    date: 2014-06-03 15:23:41
(epstopdf)                    size: 28636 bytes.

<simple_4-eps-converted-to.pdf, id=509, 461.725pt x 306.14375pt>
File: simple_4-eps-converted-to.pdf Graphic file (type pdf)

<use simple_4-eps-converted-to.pdf>
Package pdftex.def Info: simple_4-eps-converted-to.pdf used on input line 1024.

(pdftex.def)             Requested size: 161.60617pt x 107.1519pt.
Package epstopdf Info: Source file: <simple_5.eps>
(epstopdf)                    date: 2011-10-25 13:36:06
(epstopdf)                    size: 361043 bytes
(epstopdf)             Output file: <simple_5-eps-converted-to.pdf>
(epstopdf)             Command: <repstopdf --outfile=simple_5-eps-converted-to.
pdf simple_5.eps>
(epstopdf)             \includegraphics on input line 1025.
runsystem(repstopdf --outfile=simple_5-eps-converted-to.pdf simple_5.eps)...exe
cuted safely (allowed).

Package epstopdf Info: Result file: <simple_5-eps-converted-to.pdf>
(epstopdf)                    date: 2014-06-03 15:23:43
(epstopdf)                    size: 28582 bytes.

<simple_5-eps-converted-to.pdf, id=510, 465.74pt x 306.14375pt>
File: simple_5-eps-converted-to.pdf Graphic file (type pdf)

<use simple_5-eps-converted-to.pdf>
Package pdftex.def Info: simple_5-eps-converted-to.pdf used on input line 1025.

(pdftex.def)             Requested size: 163.01143pt x 107.1519pt.
Package epstopdf Info: Source file: <simple_6.eps>
(epstopdf)                    date: 2011-10-25 13:36:06
(epstopdf)                    size: 362261 bytes
(epstopdf)             Output file: <simple_6-eps-converted-to.pdf>
(epstopdf)             Command: <repstopdf --outfile=simple_6-eps-converted-to.
pdf simple_6.eps>
(epstopdf)             \includegraphics on input line 1026.
runsystem(repstopdf --outfile=simple_6-eps-converted-to.pdf simple_6.eps)...exe
cuted safely (allowed).

Package epstopdf Info: Result file: <simple_6-eps-converted-to.pdf>
(epstopdf)                    date: 2014-06-03 15:23:44
(epstopdf)                    size: 28698 bytes.

<simple_6-eps-converted-to.pdf, id=511, 463.7325pt x 308.15125pt>
File: simple_6-eps-converted-to.pdf Graphic file (type pdf)

<use simple_6-eps-converted-to.pdf>
Package pdftex.def Info: simple_6-eps-converted-to.pdf used on input line 1026.

(pdftex.def)             Requested size: 162.30879pt x 107.85454pt.
Package epstopdf Info: Source file: <simple_7.eps>
(epstopdf)                    date: 2011-10-25 13:36:06
(epstopdf)                    size: 389969 bytes
(epstopdf)             Output file: <simple_7-eps-converted-to.pdf>
(epstopdf)             Command: <repstopdf --outfile=simple_7-eps-converted-to.
pdf simple_7.eps>
(epstopdf)             \includegraphics on input line 1027.
runsystem(repstopdf --outfile=simple_7-eps-converted-to.pdf simple_7.eps)...exe
cuted safely (allowed).

Package epstopdf Info: Result file: <simple_7-eps-converted-to.pdf>
(epstopdf)                    date: 2014-06-03 15:23:45
(epstopdf)                    size: 32696 bytes.

<simple_7-eps-converted-to.pdf, id=512, 464.73625pt x 309.155pt>
File: simple_7-eps-converted-to.pdf Graphic file (type pdf)

<use simple_7-eps-converted-to.pdf>
Package pdftex.def Info: simple_7-eps-converted-to.pdf used on input line 1027.

(pdftex.def)             Requested size: 162.66011pt x 108.20586pt.
Package epstopdf Info: Source file: <new_simple_8.eps>
(epstopdf)                    date: 2012-02-01 22:22:18
(epstopdf)                    size: 363425 bytes
(epstopdf)             Output file: <new_simple_8-eps-converted-to.pdf>
(epstopdf)             Command: <repstopdf --outfile=new_simple_8-eps-converted
-to.pdf new_simple_8.eps>
(epstopdf)             \includegraphics on input line 1028.
runsystem(repstopdf --outfile=new_simple_8-eps-converted-to.pdf new_simple_8.ep
s)...executed safely (allowed).

Package epstopdf Info: Result file: <new_simple_8-eps-converted-to.pdf>
(epstopdf)                    date: 2014-06-03 15:23:47
(epstopdf)                    size: 30876 bytes.

<new_simple_8-eps-converted-to.pdf, id=513, 614.295pt x 794.97pt>
File: new_simple_8-eps-converted-to.pdf Graphic file (type pdf)

<use new_simple_8-eps-converted-to.pdf>
Package pdftex.def Info: new_simple_8-eps-converted-to.pdf used on input line 1
028.
(pdftex.def)             Requested size: 221.14603pt x 286.18898pt.
Package epstopdf Info: Source file: <simple_9.eps>
(epstopdf)                    date: 2011-10-25 13:36:08
(epstopdf)                    size: 362939 bytes
(epstopdf)             Output file: <simple_9-eps-converted-to.pdf>
(epstopdf)             Command: <repstopdf --outfile=simple_9-eps-converted-to.
pdf simple_9.eps>
(epstopdf)             \includegraphics on input line 1029.
runsystem(repstopdf --outfile=simple_9-eps-converted-to.pdf simple_9.eps)...exe
cuted safely (allowed).

Package epstopdf Info: Result file: <simple_9-eps-converted-to.pdf>
(epstopdf)                    date: 2014-06-03 15:23:48
(epstopdf)                    size: 28303 bytes.

<simple_9-eps-converted-to.pdf, id=514, 466.74374pt x 309.155pt>
File: simple_9-eps-converted-to.pdf Graphic file (type pdf)

<use simple_9-eps-converted-to.pdf>
Package pdftex.def Info: simple_9-eps-converted-to.pdf used on input line 1029.

(pdftex.def)             Requested size: 163.36275pt x 108.20586pt.


LaTeX Warning: Float too large for page by 46.17215pt on input line 1035.


Underfull \vbox (badness 10000) has occurred while \output is active []

 [7]
[8]
Package epstopdf Info: Source file: <complex_1.eps>
(epstopdf)                    date: 2011-10-25 13:38:14
(epstopdf)                    size: 367750 bytes
(epstopdf)             Output file: <complex_1-eps-converted-to.pdf>
(epstopdf)             Command: <repstopdf --outfile=complex_1-eps-converted-to
.pdf complex_1.eps>
(epstopdf)             \includegraphics on input line 1240.
runsystem(repstopdf --outfile=complex_1-eps-converted-to.pdf complex_1.eps)...e
xecuted safely (allowed).

Package epstopdf Info: Result file: <complex_1-eps-converted-to.pdf>
(epstopdf)                    date: 2014-06-03 15:23:49
(epstopdf)                    size: 29968 bytes.
 <complex_1-eps-converted-to.pdf, id=578, 466.74374pt x 308.15125pt>
File: complex_1-eps-converted-to.pdf Graphic file (type pdf)

<use complex_1-eps-converted-to.pdf>
Package pdftex.def Info: complex_1-eps-converted-to.pdf used on input line 1240
.
(pdftex.def)             Requested size: 163.36275pt x 107.85454pt.
Package epstopdf Info: Source file: <complex_2.eps>
(epstopdf)                    date: 2011-10-25 13:38:14
(epstopdf)                    size: 374649 bytes
(epstopdf)             Output file: <complex_2-eps-converted-to.pdf>
(epstopdf)             Command: <repstopdf --outfile=complex_2-eps-converted-to
.pdf complex_2.eps>
(epstopdf)             \includegraphics on input line 1241.
runsystem(repstopdf --outfile=complex_2-eps-converted-to.pdf complex_2.eps)...e
xecuted safely (allowed).

Package epstopdf Info: Result file: <complex_2-eps-converted-to.pdf>
(epstopdf)                    date: 2014-06-03 15:23:51
(epstopdf)                    size: 31279 bytes.

<complex_2-eps-converted-to.pdf, id=579, 462.72874pt x 307.1475pt>
File: complex_2-eps-converted-to.pdf Graphic file (type pdf)

<use complex_2-eps-converted-to.pdf>
Package pdftex.def Info: complex_2-eps-converted-to.pdf used on input line 1241
.
(pdftex.def)             Requested size: 161.95749pt x 107.50323pt.
Package epstopdf Info: Source file: <complex_3.eps>
(epstopdf)                    date: 2011-10-25 13:38:14
(epstopdf)                    size: 371255 bytes
(epstopdf)             Output file: <complex_3-eps-converted-to.pdf>
(epstopdf)             Command: <repstopdf --outfile=complex_3-eps-converted-to
.pdf complex_3.eps>
(epstopdf)             \includegraphics on input line 1242.
runsystem(repstopdf --outfile=complex_3-eps-converted-to.pdf complex_3.eps)...e
xecuted safely (allowed).

Package epstopdf Info: Result file: <complex_3-eps-converted-to.pdf>
(epstopdf)                    date: 2014-06-03 15:23:52
(epstopdf)                    size: 30605 bytes.

<complex_3-eps-converted-to.pdf, id=580, 462.72874pt x 307.1475pt>
File: complex_3-eps-converted-to.pdf Graphic file (type pdf)

<use complex_3-eps-converted-to.pdf>
Package pdftex.def Info: complex_3-eps-converted-to.pdf used on input line 1242
.
(pdftex.def)             Requested size: 161.95749pt x 107.50323pt.
Package epstopdf Info: Source file: <complex_4.eps>
(epstopdf)                    date: 2011-10-25 13:38:14
(epstopdf)                    size: 364081 bytes
(epstopdf)             Output file: <complex_4-eps-converted-to.pdf>
(epstopdf)             Command: <repstopdf --outfile=complex_4-eps-converted-to
.pdf complex_4.eps>
(epstopdf)             \includegraphics on input line 1243.
runsystem(repstopdf --outfile=complex_4-eps-converted-to.pdf complex_4.eps)...e
xecuted safely (allowed).

Package epstopdf Info: Result file: <complex_4-eps-converted-to.pdf>
(epstopdf)                    date: 2014-06-03 15:23:53
(epstopdf)                    size: 29049 bytes.

<complex_4-eps-converted-to.pdf, id=581, 463.7325pt x 306.14375pt>
File: complex_4-eps-converted-to.pdf Graphic file (type pdf)

<use complex_4-eps-converted-to.pdf>
Package pdftex.def Info: complex_4-eps-converted-to.pdf used on input line 1243
.
(pdftex.def)             Requested size: 162.30879pt x 107.1519pt.
Package epstopdf Info: Source file: <complex_5.eps>
(epstopdf)                    date: 2011-10-25 13:38:14
(epstopdf)                    size: 364285 bytes
(epstopdf)             Output file: <complex_5-eps-converted-to.pdf>
(epstopdf)             Command: <repstopdf --outfile=complex_5-eps-converted-to
.pdf complex_5.eps>
(epstopdf)             \includegraphics on input line 1244.
runsystem(repstopdf --outfile=complex_5-eps-converted-to.pdf complex_5.eps)...e
xecuted safely (allowed).

Package epstopdf Info: Result file: <complex_5-eps-converted-to.pdf>
(epstopdf)                    date: 2014-06-03 15:23:54
(epstopdf)                    size: 29105 bytes.

<complex_5-eps-converted-to.pdf, id=582, 463.7325pt x 307.1475pt>
File: complex_5-eps-converted-to.pdf Graphic file (type pdf)

<use complex_5-eps-converted-to.pdf>
Package pdftex.def Info: complex_5-eps-converted-to.pdf used on input line 1244
.
(pdftex.def)             Requested size: 162.30879pt x 107.50323pt.
Package epstopdf Info: Source file: <complex_6.eps>
(epstopdf)                    date: 2011-10-25 13:38:14
(epstopdf)                    size: 364899 bytes
(epstopdf)             Output file: <complex_6-eps-converted-to.pdf>
(epstopdf)             Command: <repstopdf --outfile=complex_6-eps-converted-to
.pdf complex_6.eps>
(epstopdf)             \includegraphics on input line 1245.
runsystem(repstopdf --outfile=complex_6-eps-converted-to.pdf complex_6.eps)...e
xecuted safely (allowed).

Package epstopdf Info: Result file: <complex_6-eps-converted-to.pdf>
(epstopdf)                    date: 2014-06-03 15:23:56
(epstopdf)                    size: 29108 bytes.

<complex_6-eps-converted-to.pdf, id=583, 463.7325pt x 307.1475pt>
File: complex_6-eps-converted-to.pdf Graphic file (type pdf)

<use complex_6-eps-converted-to.pdf>
Package pdftex.def Info: complex_6-eps-converted-to.pdf used on input line 1245
.
(pdftex.def)             Requested size: 162.30879pt x 107.50323pt.
Package epstopdf Info: Source file: <complex_7.eps>
(epstopdf)                    date: 2011-10-25 13:38:16
(epstopdf)                    size: 381363 bytes
(epstopdf)             Output file: <complex_7-eps-converted-to.pdf>
(epstopdf)             Command: <repstopdf --outfile=complex_7-eps-converted-to
.pdf complex_7.eps>
(epstopdf)             \includegraphics on input line 1246.
runsystem(repstopdf --outfile=complex_7-eps-converted-to.pdf complex_7.eps)...e
xecuted safely (allowed).

Package epstopdf Info: Result file: <complex_7-eps-converted-to.pdf>
(epstopdf)                    date: 2014-06-03 15:23:57
(epstopdf)                    size: 31793 bytes.

<complex_7-eps-converted-to.pdf, id=584, 463.7325pt x 307.1475pt>
File: complex_7-eps-converted-to.pdf Graphic file (type pdf)

<use complex_7-eps-converted-to.pdf>
Package pdftex.def Info: complex_7-eps-converted-to.pdf used on input line 1246
.
(pdftex.def)             Requested size: 162.30879pt x 107.50323pt.
Package epstopdf Info: Source file: <new_complex_8.eps>
(epstopdf)                    date: 2012-02-01 22:04:34
(epstopdf)                    size: 329077 bytes
(epstopdf)             Output file: <new_complex_8-eps-converted-to.pdf>
(epstopdf)             Command: <repstopdf --outfile=new_complex_8-eps-converte
d-to.pdf new_complex_8.eps>
(epstopdf)             \includegraphics on input line 1247.
runsystem(repstopdf --outfile=new_complex_8-eps-converted-to.pdf new_complex_8.
eps)...executed safely (allowed).

Package epstopdf Info: Result file: <new_complex_8-eps-converted-to.pdf>
(epstopdf)                    date: 2014-06-03 15:23:58
(epstopdf)                    size: 22501 bytes.

<new_complex_8-eps-converted-to.pdf, id=585, 614.295pt x 794.97pt>
File: new_complex_8-eps-converted-to.pdf Graphic file (type pdf)

<use new_complex_8-eps-converted-to.pdf>
Package pdftex.def Info: new_complex_8-eps-converted-to.pdf used on input line 
1247.
(pdftex.def)             Requested size: 276.43019pt x 357.7332pt.
Package epstopdf Info: Source file: <complex_9.eps>
(epstopdf)                    date: 2011-10-25 13:38:16
(epstopdf)                    size: 356570 bytes
(epstopdf)             Output file: <complex_9-eps-converted-to.pdf>
(epstopdf)             Command: <repstopdf --outfile=complex_9-eps-converted-to
.pdf complex_9.eps>
(epstopdf)             \includegraphics on input line 1248.
runsystem(repstopdf --outfile=complex_9-eps-converted-to.pdf complex_9.eps)...e
xecuted safely (allowed).

Package epstopdf Info: Result file: <complex_9-eps-converted-to.pdf>
(epstopdf)                    date: 2014-06-03 15:24:00
(epstopdf)                    size: 27647 bytes.

<complex_9-eps-converted-to.pdf, id=586, 462.72874pt x 305.14pt>
File: complex_9-eps-converted-to.pdf Graphic file (type pdf)

<use complex_9-eps-converted-to.pdf>
Package pdftex.def Info: complex_9-eps-converted-to.pdf used on input line 1248
.
(pdftex.def)             Requested size: 161.95749pt x 106.80058pt.


LaTeX Warning: Float too large for page by 115.9598pt on input line 1254.

(./rtcsa.bbl)

** Conference Paper **
Before submitting the final camera ready copy, remember to:

 1. Manually equalize the lengths of two columns on the last page
 of your paper;

 2. Ensure that any PostScript and/or PDF output post-processing
 uses only Type 1 fonts and that every step in the generation
 process uses the appropriate paper size.

Package atveryend Info: Empty hook `BeforeClearDocument' on input line 1282.
[9] [10 <./simple_1-eps-converted-to.pdf> <./simple_2-eps-converted-to.pdf> <./
simple_3-eps-converted-to.pdf> <./simple_4-eps-converted-to.pdf> <./simple_5-ep
s-converted-to.pdf> <./simple_6-eps-converted-to.pdf> <./simple_7-eps-converted
-to.pdf> <./new_simple_8-eps-converted-to.pdf> <./simple_9-eps-converted-to.pdf
>] [11 <./complex_1-eps-converted-to.pdf> <./complex_2-eps-converted-to.pdf> <.
/complex_3-eps-converted-to.pdf> <./complex_4-eps-converted-to.pdf> <./complex_
5-eps-converted-to.pdf> <./complex_6-eps-converted-to.pdf> <./complex_7-eps-con
verted-to.pdf> <./new_complex_8-eps-converted-to.pdf> <./complex_9-eps-converte
d-to.pdf>]
Package atveryend Info: Empty hook `AfterLastShipout' on input line 1282.
 (./rtcsa.aux)
Package atveryend Info: Executing hook `AtVeryEndDocument' on input line 1282.
Package atveryend Info: Executing hook `AtEndAfterFileList' on input line 1282.

Package rerunfilecheck Info: File `rtcsa.out' has not changed.
(rerunfilecheck)             Checksum: F40A5CA9D765309AB8133981F0A94910;1822.


LaTeX Warning: Label(s) may have changed. Rerun to get cross-references right.

Package atveryend Info: Empty hook `AtVeryVeryEnd' on input line 1282.
 ) 
Here is how much of TeX's memory you used:
 7682 strings out of 493308
 115332 string characters out of 6137816
 218472 words of memory out of 5000000
 10808 multiletter control sequences out of 15000+600000
 49155 words of font info for 103 fonts, out of 8000000 for 9000
 957 hyphenation exceptions out of 8191
 42i,26n,28p,1109b,896s stack positions out of 5000i,500n,10000p,200000b,80000s
{/usr/local/texlive/2013/texmf-dist/fonts/enc/dvips/base/8r.enc}</usr/local/t
exlive/2013/texmf-dist/fonts/type1/public/amsfonts/cm/cmex10.pfb></usr/local/te
xlive/2013/texmf-dist/fonts/type1/public/amsfonts/cmextra/cmex7.pfb></usr/local
/texlive/2013/texmf-dist/fonts/type1/public/amsfonts/cmextra/cmex8.pfb></usr/lo
cal/texlive/2013/texmf-dist/fonts/type1/public/amsfonts/cm/cmmi10.pfb></usr/loc
al/texlive/2013/texmf-dist/fonts/type1/public/amsfonts/cm/cmmi5.pfb></usr/local
/texlive/2013/texmf-dist/fonts/type1/public/amsfonts/cm/cmmi6.pfb></usr/local/t
exlive/2013/texmf-dist/fonts/type1/public/amsfonts/cm/cmmi7.pfb></usr/local/tex
live/2013/texmf-dist/fonts/type1/public/amsfonts/cm/cmmi8.pfb></usr/local/texli
ve/2013/texmf-dist/fonts/type1/public/amsfonts/cm/cmmi9.pfb></usr/local/texlive
/2013/texmf-dist/fonts/type1/public/amsfonts/cm/cmr10.pfb></usr/local/texlive/2
013/texmf-dist/fonts/type1/public/amsfonts/cm/cmr5.pfb></usr/local/texlive/2013
/texmf-dist/fonts/type1/public/amsfonts/cm/cmr6.pfb></usr/local/texlive/2013/te
xmf-dist/fonts/type1/public/amsfonts/cm/cmr7.pfb></usr/local/texlive/2013/texmf
-dist/fonts/type1/public/amsfonts/cm/cmr8.pfb></usr/local/texlive/2013/texmf-di
st/fonts/type1/public/amsfonts/cm/cmsy10.pfb></usr/local/texlive/2013/texmf-dis
t/fonts/type1/public/amsfonts/cm/cmsy5.pfb></usr/local/texlive/2013/texmf-dist/
fonts/type1/public/amsfonts/cm/cmsy6.pfb></usr/local/texlive/2013/texmf-dist/fo
nts/type1/public/amsfonts/cm/cmsy7.pfb></usr/local/texlive/2013/texmf-dist/font
s/type1/public/amsfonts/cm/cmsy8.pfb></usr/local/texlive/2013/texmf-dist/fonts/
type1/urw/times/utmb8a.pfb></usr/local/texlive/2013/texmf-dist/fonts/type1/urw/
times/utmbi8a.pfb></usr/local/texlive/2013/texmf-dist/fonts/type1/urw/times/utm
r8a.pfb></usr/local/texlive/2013/texmf-dist/fonts/type1/urw/times/utmri8a.pfb>
Output written on rtcsa.pdf (11 pages, 836565 bytes).
PDF statistics:
 945 PDF objects out of 1000 (max. 8388607)
 752 compressed objects within 8 object streams
 180 named destinations out of 1000 (max. 500000)
 306 words of extra memory for PDF output out of 10000 (max. 10000000)

