
Call:
lm(formula = P ~ T2 + f2 + f * T + T + f)

Coefficients:
(Intercept)           T2           f2            f            T          f:T  
   56.42427     -0.00409      5.52729    -13.27651      0.07139      0.29771  


Call:
lm(formula = P ~ T2 + f2 + f * T + T + f)

Residuals:
     Min       1Q   Median       3Q      Max 
-0.91157 -0.38317  0.02272  0.27940  1.23925 

Coefficients:
             Estimate Std. Error t value Pr(>|t|)    
(Intercept)  56.42427   12.31743   4.581 0.000308 ***
T2           -0.00409    0.02049  -0.200 0.844308    
f2            5.52729    3.89362   1.420 0.174920    
f           -13.27651   12.40109  -1.071 0.300238    
T             0.07139    0.88383   0.081 0.936622    
f:T           0.29771    0.57923   0.514 0.614292    
---
Signif. codes:  0 ‘***’ 0.001 ‘**’ 0.01 ‘*’ 0.05 ‘.’ 0.1 ‘ ’ 1 

Residual standard error: 0.5675 on 16 degrees of freedom
Multiple R-squared: 0.9971,	Adjusted R-squared: 0.9962 
F-statistic:  1089 on 5 and 16 DF,  p-value: < 2.2e-16 

